feature/profile/build/intermediates/manifest_merge_blame_file/debug/processDebugManifest/manifest-merger-blame-debug-report.txt
1<?xml version="1.0" encoding="utf-8"?>
2<manifest xmlns:android="http://schemas.android.com/apk/res/android"
3    package="com.greenchain.feature.profile" >
4
5    <uses-sdk android:minSdkVersion="24" />
6
7    <!-- Modulele feature NU definesc theme/icon aici -->
8    <application />
8-->src\main\AndroidManifest.xml:6:5-20
9
10</manifest>